<?xml version="1.0" encoding="UTF-8"?>
<!-- Generated by org.testng.reporters.JUnitXMLReporter -->
<testsuite ignored="0" hostname="MININT-DPNQ1NL" failures="2" tests="8" name="Test" time="24.09" errors="0" timestamp="2021-11-06T14:45:04 IST">
  <testcase classname="Com.TestLayer.HomePagetest" name="validateLoginFunctionality" time="4.494"/>
  <testcase classname="Com.TestLayer.HomePagetest" name="validateURL" time="3.238">
    <failure type="java.lang.AssertionError" message="expected [Cogmento CRM] but found [https://ui.cogmento.com/]">
      <![CDATA[java.lang.AssertionError: expected [Cogmento CRM] but found [https://ui.cogmento.com/]
at Com.TestLayer.HomePagetest.validateURL(HomePagetest.java:40)
at java.base/java.util.ArrayList.forEach(ArrayList.java:1511)
... Removed 32 stack frames]]>
    </failure>
  </testcase> <!-- validateURL -->
  <testcase classname="Com.TestLayer.HomePagetest" name="validateTitle" time="0.006">
    <failure type="java.lang.AssertionError" message="expected [https://ui.cogmento.com/] but found [Cogmento CRM]">
      <![CDATA[java.lang.AssertionError: expected [https://ui.cogmento.com/] but found [Cogmento CRM]
at Com.TestLayer.HomePagetest.validateTitle(HomePagetest.java:47)
at java.base/java.util.ArrayList.forEach(ArrayList.java:1511)
... Removed 32 stack frames]]>
    </failure>
  </testcase> <!-- validateTitle -->
  <testcase classname="Com.TestLayer.HomePagetest" name="validateDisplayLogo" time="0.056"/>
  <testcase classname="Com.TestLayer.HomePagetest" name="validateDisplayName" time="0.027"/>
  <testcase classname="Com.TestLayer.HomePagetest" name="validateContactLink" time="3.342"/>
  <testcase classname="Com.TestLayer.HomePagetest" name="validateCalendarLink" time="3.445"/>
  <testcase classname="Com.TestLayer.HomePagetest" name="validateCompanyLink" time="3.353"/>
</testsuite> <!-- Test -->
