<?xml version="1.0" encoding="UTF-8"?>
<!-- Generated by org.testng.reporters.JUnitXMLReporter -->
<testsuite ignored="6" hostname="MININT-DPNQ1NL" failures="0" tests="2" name="Test(failed)" time="9.846" errors="0" timestamp="2021-11-06T14:48:30 IST">
  <testcase classname="Com.TestLayer.HomePagetest" name="validateURL" time="3.528"/>
  <testcase classname="Com.TestLayer.HomePagetest" name="validateTitle" time="0.007"/>
  <testcase classname="Com.TestLayer.HomePagetest" name="validateLoginFunctionality" time="0.0">
    <ignored/>
  </testcase> <!-- validateLoginFunctionality -->
  <testcase classname="Com.TestLayer.HomePagetest" name="validateContactLink" time="0.0">
    <ignored/>
  </testcase> <!-- validateContactLink -->
  <testcase classname="Com.TestLayer.HomePagetest" name="validateDisplayLogo" time="0.0">
    <ignored/>
  </testcase> <!-- validateDisplayLogo -->
  <testcase classname="Com.TestLayer.HomePagetest" name="validateDisplayName" time="0.0">
    <ignored/>
  </testcase> <!-- validateDisplayName -->
  <testcase classname="Com.TestLayer.HomePagetest" name="validateCompanyLink" time="0.0">
    <ignored/>
  </testcase> <!-- validateCompanyLink -->
  <testcase classname="Com.TestLayer.HomePagetest" name="validateCalendarLink" time="0.0">
    <ignored/>
  </testcase> <!-- validateCalendarLink -->
</testsuite> <!-- Test(failed) -->
