<?xml version="1.0" encoding="UTF-8"?>
<testng-results ignored="6" total="8" passed="2" failed="0" skipped="0">
  <reporter-output>
  </reporter-output>
  <suite started-at="2021-11-06T14:48:20 IST" name="Failed suite [Suite]" finished-at="2021-11-06T14:48:29 IST" duration-ms="9846">
    <groups>
    </groups>
    <test started-at="2021-11-06T14:48:20 IST" name="Test(failed)" finished-at="2021-11-06T14:48:29 IST" duration-ms="9846">
      <class name="Com.TestLayer.HomePagetest">
        <test-method is-config="true" signature="setUp()[pri:0, instance:Com.TestLayer.HomePagetest@fd07cbb]" started-at="2021-11-06T14:48:20 IST" name="setUp" finished-at="2021-11-06T14:48:23 IST" duration-ms="2875" status="PASS">
          <reporter-output>
          </reporter-output>
        </test-method> <!-- setUp -->
        <test-method signature="validateURL()[pri:1, instance:Com.TestLayer.HomePagetest@fd07cbb]" started-at="2021-11-06T14:48:23 IST" name="validateURL" finished-at="2021-11-06T14:48:26 IST" duration-ms="3528" status="PASS">
          <reporter-output>
          </reporter-output>
        </test-method> <!-- validateURL -->
        <test-method signature="validateTitle()[pri:2, instance:Com.TestLayer.HomePagetest@fd07cbb]" started-at="2021-11-06T14:48:26 IST" name="validateTitle" finished-at="2021-11-06T14:48:26 IST" duration-ms="7" status="PASS">
          <reporter-output>
          </reporter-output>
        </test-method> <!-- validateTitle -->
        <test-method is-config="true" signature="tearDown()[pri:0, instance:Com.TestLayer.HomePagetest@fd07cbb]" started-at="2021-11-06T14:48:26 IST" name="tearDown" finished-at="2021-11-06T14:48:29 IST" duration-ms="3398" status="PASS">
          <reporter-output>
          </reporter-output>
        </test-method> <!-- tearDown -->
      </class> <!-- Com.TestLayer.HomePagetest -->
    </test> <!-- Test(failed) -->
  </suite> <!-- Failed suite [Suite] -->
</testng-results>
